2020-03-01T18:13:39.0035475+00:00  [INF] =========== Initialize =========== (6b046d2e)
2020-03-01T18:13:42.5258671+00:00  [INF] fetching starships ...[starships] (e7878d89)
2020-03-01T18:13:45.8712952+00:00  [INF] 37 starships found (20921cc3)
2020-03-01T18:13:45.8753242+00:00  [INF] fetching starships ...[starships/?page=2] (5f59db0f)
2020-03-01T18:13:47.1258810+00:00  [INF] 37 starships found (20921cc3)
2020-03-01T18:13:47.1261363+00:00  [INF] fetching starships ...[starships/?page=3] (a83a6977)
2020-03-01T18:13:47.2302669+00:00  [ERR] timeout! 10 milliseconds - resource: starships/?page=3 - id: 13d270fe (e2317ca8)
System.Threading.Tasks.TaskCanceledException: The operation was canceled. ---> System.IO.IOException: Unable to read data from the transport connection: A operação de E/S foi anulada devido a uma saída de thread ou a uma requisição de aplicativo. ---> System.Net.Sockets.SocketException: A operação de E/S foi anulada devido a uma saída de thread ou a uma requisição de aplicativo
   --- End of inner exception stack trace ---
   at System.Net.Sockets.Socket.AwaitableSocketAsyncEventArgs.ThrowException(SocketError error)
   at System.Net.Sockets.Socket.AwaitableSocketAsyncEventArgs.GetResult(Int16 token)
   at System.Net.Security.SslStreamInternal.<FillBufferAsync>g__InternalFillBufferAsync|38_0[TReadAdapter](TReadAdapter adap, ValueTask`1 task, Int32 min, Int32 initial)
   at System.Net.Security.SslStreamInternal.ReadAsyncInternal[TReadAdapter](TReadAdapter adapter, Memory`1 buffer)
   at System.Net.Http.HttpConnection.SendAsyncCore(HttpRequestMessage request, CancellationToken cancellationToken)
   --- End of inner exception stack trace ---
   at System.Net.Http.HttpConnection.SendAsyncCore(HttpRequestMessage request, CancellationToken cancellationToken)
   at System.Net.Http.HttpConnectionPool.SendWithNtConnectionAuthAsync(HttpConnection connection, HttpRequestMessage request, Boolean doRequestAuth, CancellationToken cancellationToken)
   at System.Net.Http.HttpConnectionPool.SendWithRetryAsync(HttpRequestMessage request, Boolean doRequestAuth, CancellationToken cancellationToken)
   at System.Net.Http.RedirectHandler.SendAsync(HttpRequestMessage request, CancellationToken cancellationToken)
   at Microsoft.Extensions.Http.Logging.LoggingHttpMessageHandler.SendAsync(HttpRequestMessage request, CancellationToken cancellationToken)
   at Polly.Retry.AsyncRetryEngine.ImplementationAsync[TResult](Func`3 action, Context context, CancellationToken cancellationToken, ExceptionPredicates shouldRetryExceptionPredicates, ResultPredicates`1 shouldRetryResultPredicates, Func`5 onRetryAsync, Int32 permittedRetryCount, IEnumerable`1 sleepDurationsEnumerable, Func`4 sleepDurationProvider, Boolean continueOnCapturedContext)
   at Polly.AsyncPolicy`1.ExecuteAsync(Func`3 action, Context context, CancellationToken cancellationToken, Boolean continueOnCapturedContext)
   at Microsoft.Extensions.Http.PolicyHttpMessageHandler.SendAsync(HttpRequestMessage request, CancellationToken cancellationToken)
   at Microsoft.Extensions.Http.Logging.LoggingScopeHttpMessageHandler.SendAsync(HttpRequestMessage request, CancellationToken cancellationToken)
   at System.Net.Http.HttpClient.FinishSendAsyncBuffered(Task`1 sendTask, HttpRequestMessage request, CancellationTokenSource cts, Boolean disposeCts)
   at Kneat.Application.Services.External.BaseService.GetAsync[T](String resource, Int32 timeout) in C:\kneat-software-test\src\Kneat.Application\Services\External\BaseService.cs:line 37
2020-03-01T18:15:30.4695811+00:00  [INF] =========== Initialize =========== (6b046d2e)
2020-03-01T18:15:33.9740504+00:00  [INF] fetching starships ...[starships] (e7878d89)
2020-03-01T18:15:36.9182378+00:00  [INF] 37 starships found (20921cc3)
2020-03-01T18:15:36.9248714+00:00  [INF] fetching starships ...[starships/?page=2] (5f59db0f)
2020-03-01T18:15:37.7141450+00:00  [INF] 37 starships found (20921cc3)
2020-03-01T18:15:37.7144893+00:00  [INF] fetching starships ...[starships/?page=3] (a83a6977)
2020-03-01T18:15:37.8068333+00:00  [ERR] unexpected error - resource: starships/?page=3 - id: 68c06d1f (634df657)
System.FormatException: Input string was not in a correct format.
   at System.Number.StringToNumber(ReadOnlySpan`1 str, NumberStyles options, NumberBuffer& number, NumberFormatInfo info, Boolean parseDecimal)
   at System.Number.ParseInt32(ReadOnlySpan`1 s, NumberStyles style, NumberFormatInfo info)
   at System.Int32.Parse(String s)
   at Kneat.Application.Services.External.BaseService.GetAsync[T](String resource, Int32 timeout) in C:\kneat-software-test\src\Kneat.Application\Services\External\BaseService.cs:line 36
2020-03-01T18:16:18.6522445+00:00  [INF] fetching starships ...[starships] (e7878d89)
2020-03-01T18:16:19.4199615+00:00  [INF] 37 starships found (20921cc3)
2020-03-01T18:16:19.4200598+00:00  [INF] fetching starships ...[starships/?page=2] (5f59db0f)
2020-03-01T18:16:19.6509881+00:00  [INF] 37 starships found (20921cc3)
2020-03-01T18:16:19.6510489+00:00  [INF] fetching starships ...[starships/?page=3] (a83a6977)
2020-03-01T18:16:19.7135686+00:00  [ERR] unexpected error - resource: starships/?page=3 - id: 76bcaf2a (822b9282)
System.FormatException: Input string was not in a correct format.
   at System.Number.StringToNumber(ReadOnlySpan`1 str, NumberStyles options, NumberBuffer& number, NumberFormatInfo info, Boolean parseDecimal)
   at System.Number.ParseInt32(ReadOnlySpan`1 s, NumberStyles style, NumberFormatInfo info)
   at System.Int32.Parse(String s)
   at Kneat.Application.Services.External.BaseService.GetAsync[T](String resource, Int32 timeout) in C:\kneat-software-test\src\Kneat.Application\Services\External\BaseService.cs:line 36
2020-03-01T18:16:25.4319166+00:00  [INF] fetching starships ...[starships] (e7878d89)
2020-03-01T18:16:26.6034653+00:00  [INF] 37 starships found (20921cc3)
2020-03-01T18:16:26.6035288+00:00  [INF] fetching starships ...[starships/?page=2] (5f59db0f)
2020-03-01T18:16:26.9553610+00:00  [INF] 37 starships found (20921cc3)
2020-03-01T18:16:26.9554133+00:00  [INF] fetching starships ...[starships/?page=3] (a83a6977)
2020-03-01T18:16:26.9893567+00:00  [ERR] unexpected error - resource: starships/?page=3 - id: 615c9bca (b8becb96)
System.FormatException: Input string was not in a correct format.
   at System.Number.StringToNumber(ReadOnlySpan`1 str, NumberStyles options, NumberBuffer& number, NumberFormatInfo info, Boolean parseDecimal)
   at System.Number.ParseInt32(ReadOnlySpan`1 s, NumberStyles style, NumberFormatInfo info)
   at System.Int32.Parse(String s)
   at Kneat.Application.Services.External.BaseService.GetAsync[T](String resource, Int32 timeout) in C:\kneat-software-test\src\Kneat.Application\Services\External\BaseService.cs:line 36
2020-03-01T18:16:30.0431334+00:00  [INF] fetching starships ...[starships] (e7878d89)
2020-03-01T18:16:31.3246034+00:00  [INF] 37 starships found (20921cc3)
2020-03-01T18:16:31.3246791+00:00  [INF] fetching starships ...[starships/?page=2] (5f59db0f)
2020-03-01T18:16:32.1013891+00:00  [INF] 37 starships found (20921cc3)
2020-03-01T18:16:32.1014477+00:00  [INF] fetching starships ...[starships/?page=3] (a83a6977)
2020-03-01T18:16:32.1455951+00:00  [ERR] unexpected error - resource: starships/?page=3 - id: 9d688665 (ac1cb0ea)
System.FormatException: Input string was not in a correct format.
   at System.Number.StringToNumber(ReadOnlySpan`1 str, NumberStyles options, NumberBuffer& number, NumberFormatInfo info, Boolean parseDecimal)
   at System.Number.ParseInt32(ReadOnlySpan`1 s, NumberStyles style, NumberFormatInfo info)
   at System.Int32.Parse(String s)
   at Kneat.Application.Services.External.BaseService.GetAsync[T](String resource, Int32 timeout) in C:\kneat-software-test\src\Kneat.Application\Services\External\BaseService.cs:line 36
2020-03-01T18:16:44.3551208+00:00  [INF] fetching starships ...[starships] (e7878d89)
2020-03-01T18:16:45.4285370+00:00  [INF] 37 starships found (20921cc3)
2020-03-01T18:16:45.4285959+00:00  [INF] fetching starships ...[starships/?page=2] (5f59db0f)
2020-03-01T18:16:46.0477590+00:00  [INF] 37 starships found (20921cc3)
2020-03-01T18:16:46.0478225+00:00  [INF] fetching starships ...[starships/?page=3] (a83a6977)
2020-03-01T18:16:46.0886552+00:00  [ERR] unexpected error - resource: starships/?page=3 - id: 0bcbabd8 (1d7a1228)
System.FormatException: Input string was not in a correct format.
   at System.Number.StringToNumber(ReadOnlySpan`1 str, NumberStyles options, NumberBuffer& number, NumberFormatInfo info, Boolean parseDecimal)
   at System.Number.ParseInt32(ReadOnlySpan`1 s, NumberStyles style, NumberFormatInfo info)
   at System.Int32.Parse(String s)
   at Kneat.Application.Services.External.BaseService.GetAsync[T](String resource, Int32 timeout) in C:\kneat-software-test\src\Kneat.Application\Services\External\BaseService.cs:line 36
2020-03-01T18:18:33.8596879+00:00  [INF] =========== Initialize =========== (6b046d2e)
2020-03-01T18:18:37.6675700+00:00  [INF] fetching starships ...[starships] (e7878d89)
2020-03-01T18:18:39.4508840+00:00  [INF] 37 starships found (20921cc3)
2020-03-01T18:18:39.4549334+00:00  [INF] fetching starships ...[starships/?page=2] (5f59db0f)
2020-03-01T18:18:40.2823721+00:00  [INF] 37 starships found (20921cc3)
2020-03-01T18:18:40.2826121+00:00  [INF] fetching starships ...[starships/?page=3] (a83a6977)
2020-03-01T18:18:41.9607729+00:00  [INF] 37 starships found (20921cc3)
2020-03-01T18:18:41.9608251+00:00  [INF] fetching starships ...[starships/?page=4] (5aa75cfe)
2020-03-01T18:18:42.9871879+00:00  [INF] 37 starships found (20921cc3)
2020-03-01T18:18:59.2437874+00:00  [INF] fetching starships ...[starships] (e7878d89)
2020-03-01T18:19:00.2283411+00:00  [INF] 37 starships found (20921cc3)
2020-03-01T18:19:00.2284043+00:00  [INF] fetching starships ...[starships/?page=2] (5f59db0f)
2020-03-01T18:19:00.7988633+00:00  [INF] 37 starships found (20921cc3)
2020-03-01T18:19:00.7989264+00:00  [INF] fetching starships ...[starships/?page=3] (a83a6977)
2020-03-01T18:19:01.1746847+00:00  [INF] 37 starships found (20921cc3)
2020-03-01T18:19:01.1747461+00:00  [INF] fetching starships ...[starships/?page=4] (5aa75cfe)
2020-03-01T18:19:01.7091863+00:00  [INF] 37 starships found (20921cc3)
